[2026-03-20 13:39:30] 🦞 BTC 龙虾交易大脑启动
[2026-03-20 13:39:30] 本金: $3,300 | 仓位: 0.1~0.3 BTC
[2026-03-20 13:39:30] 止损: 650点 | 目标: 1000点 | 风报比: 1:1.5
[2026-03-20 13:39:30] 监测周期: 每15分钟
[2026-03-20 13:39:30] ==================================================
[2026-03-20 13:39:35] 获取价格失败，跳过本次
[2026-03-20 13:39:35] 等待 15 分钟...
[2026-03-20 13:41:30] 🦞 BTC 龙虾交易大脑启动
[2026-03-20 13:41:30] 本金: $3,300 | 仓位: 0.1~0.3 BTC
[2026-03-20 13:41:30] 止损: 650点 | 目标: 1000点 | 风报比: 1:1.5
[2026-03-20 13:41:30] 监测周期: 每15分钟
[2026-03-20 13:41:30] ==================================================
[2026-03-20 13:41:35] 获取价格失败，跳过本次
[2026-03-20 13:41:35] 等待 15 分钟...
[2026-03-20 13:42:24] 🦞 BTC 龙虾交易大脑启动
[2026-03-20 13:42:24] 本金: $3,300 | 仓位: 0.1~0.3 BTC
[2026-03-20 13:42:24] 止损: 650点 | 目标: 1000点 | 风报比: 1:1.5
[2026-03-20 13:42:24] 监测周期: 每5分钟
[2026-03-20 13:42:24] ==================================================
[2026-03-20 13:42:28] 🦞 BTC 龙虾交易大脑启动
[2026-03-20 13:42:28] 本金: $3,300 | 仓位: 0.1~0.3 BTC
[2026-03-20 13:42:28] 止损: 650点 | 目标: 1000点 | 风报比: 1:1.5
[2026-03-20 13:42:28] 监测周期: 每5分钟
[2026-03-20 13:42:28] ==================================================
[2026-03-20 13:42:29] 获取价格失败，跳过本次
[2026-03-20 13:42:29] 等待 5 分钟...
[2026-03-20 13:42:32] 获取价格失败，跳过本次
[2026-03-20 13:42:32] 等待 5 分钟...
[2026-03-20 13:47:34] 获取价格失败，跳过本次
[2026-03-20 13:47:34] 等待 5 分钟...
[2026-03-20 13:47:36] 获取价格失败，跳过本次
[2026-03-20 13:47:36] 等待 5 分钟...
[2026-03-20 13:52:39] 获取价格失败，跳过本次
[2026-03-20 13:52:39] 等待 5 分钟...
[2026-03-20 13:52:41] 获取价格失败，跳过本次
[2026-03-20 13:52:41] 等待 5 分钟...
[2026-03-20 13:57:45] 获取价格失败，跳过本次
[2026-03-20 13:57:45] 等待 5 分钟...
[2026-03-20 13:58:06] 🦞 BTC 龙虾交易大脑启动
[2026-03-20 13:58:06] 🦞 BTC 龙虾交易大脑启动
[2026-03-20 13:58:06] 本金: $3,300 | 仓位: 0.1~0.3 BTC
[2026-03-20 13:58:06] 本金: $3,300 | 仓位: 0.1~0.3 BTC
[2026-03-20 13:58:06] 止损: 650点 | 目标: 1000点 | 风报比: 1:1.5
[2026-03-20 13:58:06] 止损: 650点 | 目标: 1000点 | 风报比: 1:1.5
[2026-03-20 13:58:06] 监测周期: 每5分钟
[2026-03-20 13:58:06] 监测周期: 每5分钟
[2026-03-20 13:58:06] ==================================================
[2026-03-20 13:58:06] ==================================================
[2026-03-20 13:58:11] 获取价格失败，跳过本次
[2026-03-20 13:58:11] 获取价格失败，跳过本次
[2026-03-20 13:58:11] 等待 5 分钟...
[2026-03-20 13:58:11] 等待 5 分钟...
[2026-03-20 13:58:34] 🦞 BTC 龙虾交易大脑启动
[2026-03-20 13:58:34] 本金: $3,300 | 仓位: 0.1~0.3 BTC
[2026-03-20 13:58:34] 止损: 650点 | 目标: 1000点 | 风报比: 1:1.5
[2026-03-20 13:58:34] 监测周期: 每5分钟
[2026-03-20 13:58:34] ==================================================
[2026-03-20 13:58:39] 获取价格失败，跳过本次
[2026-03-20 13:58:39] 等待 5 分钟...
[2026-03-20 13:59:06] 🦞 BTC 龙虾交易大脑启动
[2026-03-20 13:59:06] 本金: $3,300 | 仓位: 0.1~0.3 BTC
[2026-03-20 13:59:06] 止损: 650点 | 目标: 1000点 | 风报比: 1:1.5
[2026-03-20 13:59:06] 监测周期: 每5分钟
[2026-03-20 13:59:06] ==================================================
[2026-03-20 13:59:11] 获取价格失败，跳过本次
[2026-03-20 13:59:11] 等待 5 分钟...
[2026-03-20 14:03:16] 获取价格失败，跳过本次
[2026-03-20 14:03:16] 等待 5 分钟...
